<?xml version="1.0" encoding="UTF-8"?>
<!-- Generated by org.testng.reporters.JUnitReportReporter -->
<testsuite skipped="0" hostname="ML-HP" name="test.S01_Search" tests="1" failures="0" timestamp="19 aug 2019 12:24:17 GMT" time="28.041" errors="0">
  <testcase name="S01_01_SuccessfulSearch" time="28.041" classname="test.S01_Search"/>
</testsuite> <!-- test.S01_Search -->
